<?xml version="1.0" encoding="UTF-8"?>
<!-- Generated by org.testng.reporters.JUnitXMLReporter -->
<testsuite ignored="0" hostname="Maddy_Janani" failures="1" tests="3" name="chrometest" time="31.824" errors="0" timestamp="2023-10-16T15:01:47 EDT">
  <testcase classname="testCases.TC_003_LoginDDT" name="test_LoginDDT" time="6.3"/>
  <testcase classname="testCases.TC_003_LoginDDT" name="test_LoginDDT" time="10.523">
    <failure type="java.lang.AssertionError" message="expected [true] but found [false]">
      <![CDATA[java.lang.AssertionError: expected [true] but found [false]
at testCases.TC_003_LoginDDT.test_LoginDDT(TC_003_LoginDDT.java:50)
at java.base/java.util.ArrayList.forEach(ArrayList.java:1511)
at java.base/java.util.concurrent.FutureTask.run(FutureTask.java:264)
at java.base/java.util.concurrent.ThreadPoolExecutor.runWorker(ThreadPoolExecutor.java:1136)
at java.base/java.util.concurrent.ThreadPoolExecutor$Worker.run(ThreadPoolExecutor.java:635)
at java.base/java.lang.Thread.run(Thread.java:833)
... Removed 21 stack frames]]>
    </failure>
  </testcase> <!-- test_LoginDDT -->
  <testcase classname="testCases.TC_003_LoginDDT" name="test_LoginDDT" time="10.596"/>
</testsuite> <!-- chrometest -->
