<?xml version="1.0" encoding="UTF-8"?>
<!-- Generated by org.testng.reporters.JUnitXMLReporter -->
<testsuite ignored="0" hostname="Maddy_Janani" failures="1" tests="1" name="OpenTest" time="22.174" errors="0" timestamp="2023-10-13T11:39:35 EDT">
  <testcase classname="testCases.TC_001_AcctRegTest" name="test_Acct_reg" time="15.071">
    <failure type="java.lang.AssertionError" message="null">
      <![CDATA[java.lang.AssertionError: null
at testCases.TC_001_AcctRegTest.test_Acct_reg(TC_001_AcctRegTest.java:56)
at java.base/java.util.ArrayList.forEach(ArrayList.java:1511)
... Removed 29 stack frames]]>
    </failure>
  </testcase> <!-- test_Acct_reg -->
</testsuite> <!-- OpenTest -->
